#-----------------------------------------------------------
# Webtalk v2019.2 (64-bit)
# SW Build 2700185 on Thu Oct 24 18:45:48 MDT 2019
# 
# Start of session at: Sat Dec 14 11:08:37 2019
# Process ID: 28647
# Current directory: /home/rouholla/myData/zynq_projects/Vitis_Projects/webtalk
# Command line: wbtcv -mode batch -source vitis_webtalk.tcl
# Log file: /home/rouholla/myData/zynq_projects/Vitis_Projects/webtalk/webtalk.log
# Journal file: /home/rouholla/myData/zynq_projects/Vitis_Projects/webtalk/webtalk.jou
#-----------------------------------------------------------
source vitis_webtalk.tcl
# webtalk_init -webtalk_dir /home/rouholla/myData/zynq_projects/Vitis_Projects/webtalk
# webtalk_register_client -client project
# webtalk_add_data -client project -key date_generated -value "2019-12-14 11:08:36" -context "software_version_and_target_device"
# webtalk_add_data -client project -key product_version -value "Vitis v2019.2" -context "software_version_and_target_device"
# webtalk_add_data -client project -key build_version -value "2019.2" -context "software_version_and_target_device"
# webtalk_add_data -client project -key os_platform -value "amd64" -context "software_version_and_target_device"
# webtalk_add_data -client project -key registration_id -value "NA" -context "software_version_and_target_device"
# webtalk_add_data -client project -key tool_flow -value "Vitis" -context "software_version_and_target_device"
# webtalk_add_data -client project -key beta -value "false" -context "software_version_and_target_device"
# webtalk_add_data -client project -key route_design -value "NA" -context "software_version_and_target_device"
# webtalk_add_data -client project -key target_family -value "NA" -context "software_version_and_target_device"
# webtalk_add_data -client project -key target_device -value "NA" -context "software_version_and_target_device"
# webtalk_add_data -client project -key target_package -value "NA" -context "software_version_and_target_device"
# webtalk_add_data -client project -key target_speed -value "NA" -context "software_version_and_target_device"
# webtalk_add_data -client project -key random_id -value "lqb34p92akh5pv4bafc7b950sg" -context "software_version_and_target_device"
# webtalk_add_data -client project -key project_id -value "2019.2_1" -context "software_version_and_target_device"
# webtalk_add_data -client project -key project_iteration -value "1" -context "software_version_and_target_device"
# webtalk_add_data -client project -key os_name -value "Ubuntu" -context "user_environment"
# webtalk_add_data -client project -key os_release -value "Ubuntu 18.04.2 LTS" -context "user_environment"
# webtalk_add_data -client project -key cpu_name -value "Intel(R) Core(TM) i7-7700HQ CPU @ 2.80GHz" -context "user_environment"
# webtalk_add_data -client project -key cpu_speed -value "3583.772 MHz" -context "user_environment"
# webtalk_add_data -client project -key total_processors -value "1" -context "user_environment"
# webtalk_add_data -client project -key system_ram -value "16.692 GB" -context "user_environment"
# webtalk_register_client -client vitis
# webtalk_add_data -client vitis -key uid -value "1576280172000" -context "vitis\\\\platform/1576280172000"
# webtalk_add_data -client vitis -key platform_source -value "dsa" -context "vitis\\\\platform/1576280172000"
# webtalk_add_data -client vitis -key os -value "standalone" -context "vitis\\\\platform/1576280172000"
# webtalk_add_data -client vitis -key processor -value "psu_cortexa53" -context "vitis\\\\platform/1576280172000"
# webtalk_add_data -client vitis -key platform -value "NA" -context "vitis\\\\platform/1576280172000"
# webtalk_transmit -clientid 260968681 -regid "" -xml /home/rouholla/myData/zynq_projects/Vitis_Projects/webtalk/usage_statistics_ext_vitis.xml -html /home/rouholla/myData/zynq_projects/Vitis_Projects/webtalk/usage_statistics_ext_vitis.html -wdm /home/rouholla/myData/zynq_projects/Vitis_Projects/webtalk/vitis_webtalk.wdm -intro "<H3>Vitis Usage Report</H3><BR>"
webtalk_transmit: Time (s): cpu = 00:00:01 ; elapsed = 00:00:06 . Memory (MB): peak = 391.531 ; gain = 0.000 ; free physical = 3902 ; free virtual = 12518
# webtalk_terminate
INFO: [Common 17-206] Exiting Webtalk at Sat Dec 14 11:08:44 2019...
